2020-08-06 12:19:31,346 INFO loading None profile from config C:\Users\Craig\.twarc
2020-08-06 12:19:35,228 INFO loading None profile from config C:\Users\Craig\.twarc
2020-08-06 12:20:22,078 WARNING process received SIGNT, stopping
2020-08-06 12:20:28,723 INFO loading None profile from config C:\Users\Craig\.twarc
2020-08-06 12:21:10,301 INFO loading None profile from config C:\Users\Craig\.twarc
2020-08-06 12:21:10,313 INFO creating http session
2020-08-06 12:21:10,313 INFO creating OAuth1 user authentication
2020-08-06 12:21:10,314 INFO getting ('https://api.twitter.com/1.1/account/verify_credentials.json',) {'params': {'tweet_mode': 'extended'}}
2020-08-06 12:21:10,479 INFO hydrating 100 ids
2020-08-06 12:21:10,479 INFO posting ('https://api.twitter.com/1.1/statuses/lookup.json',) {'data': {'id': '0,1,1245219128903958530,0,1245219745311404032,0.125,1245219922419929088,0.35,1245221568973848576,0,1245221760246648832,0.25,1245222299504119808,0.35,1245222478496043009,0,1245224811208552449,0.3333333333333333,1245225245478436864,0.13636363636363635,1245226125636317184,0,1245226704106409984,0.5,1245226717125521408,0.10714285714285714,1245226722737426432,0.32,1245228060393144320,0.10714285714285714,1245228540003418114,-0.07500000000000001,1245229134768373767,0,1245229493930860544,0.13636363636363635,1245231289197891584,-0.05,1245231531389521921,0,1245232678527479808,-0.06590909090909092,1245233510929104897,0,1245234185410957320,0,1245234958383419392,0.11818181818181818,1245235669389185024,0.26,1245236636008558592,0.06111111111111114,1245236933711867905,0.1,1245238661991538689,0.13636363636363635,1245239230164434944,-0.024999999999999994,1245239495320109056,0.016666666666666666,1245239870949376000,0,1245240418805088256,0.6125,1245241860391665664,0,1245242537822097411,-0.15555555555555559,1245242966538682369,0.13333333333333333,1245244882429652993,0.27499999999999997,1245245290195681282,0,1245247041489362945,0.35,1245247990874476544,0.30727272727272725,1245248640421179393,0.1375,1245249130470883329,0.14242424242424243,1245249648538914816,0.3,1245251010710421504,0,1245251133683138560,0,1245251543940706304,0.2,1245251550035038208,0.5166666666666666,1245251967904935937,0.7,1245252313742262274,0,1245252670044213249,0,1245253257578020867,0,1245253705185796098,0.2,1245253896039170049,0.09999999999999999,1245254174440402944,0.2,1245254789912461312,0,1245255125326868480,0.375,1245257346386886656,0,1245257489244999681,0.2507936507936508,1245257843449659393,0.5,1245259074104692737,0.3181818181818182,1245260431234666497,0.1,1245260671924744193,0,1245261426744340481,0.3642857142857142,1245262956109148160,0.23555194805194804,1245263893682769921,0,1245265687393849345,0.17575757575757578,1245266081620602881,-0.4,1245267762064379907,0,1245268574589136899,0,1245270717421064193,-0.1,1245270914565980160,0.14285714285714285,1245271348399820800,0,1245271705804771328,0.25,1245272012232237059,-0.05,1245272441687027712,0,1245274163159478272,0.75,1245274820037816325,0.3,1245275001563099136,0,1245275030956544002,0.6583333333333333,1245276948382855168,0,1245278147903393793,0.25,1245278373850603520,0.3181818181818182,1245279504274202624,0.10000000000000002,1245280333873811457,-0.3999999999999999,1245281379258109953,0,1245281729578807296,0,1245282680104722439,0.5,1245282999052222464,0.3571428571428571,1245284104788013058,-0.25,1245287995890118662,0.125,1245288830283837441,0,1245289072987443201,-0.6,1245289272342712321,0,1245290120632242176,0.1875,1245290191968854017,0.3666666666666667,1245290940148875265,0.3,1245292576397316099,0.2785714285714286,1245292933559078912,0.35000000000000003,1245293135493808128,0.3055555555555556,1245293418886115328,0,1245295350333702144,0.3', 'include_ext_alt_text': 'true', 'include_entities': 'true', 'trim_user': False, 'tweet_mode': 'extended'}}
2020-08-06 12:21:10,825 INFO archived 1245219128903958530
2020-08-06 12:21:10,826 INFO archived 1245219745311404032
2020-08-06 12:21:10,828 INFO archived 1245219922419929088
2020-08-06 12:21:10,829 INFO archived 1245221568973848576
2020-08-06 12:21:10,831 INFO archived 1245221760246648832
2020-08-06 12:21:10,832 INFO archived 1245222299504119808
2020-08-06 12:21:10,834 INFO archived 1245222478496043009
2020-08-06 12:21:10,835 INFO archived 1245224811208552449
2020-08-06 12:21:10,836 INFO archived 1245225245478436864
2020-08-06 12:21:10,838 INFO archived 1245226125636317184
2020-08-06 12:21:10,839 INFO archived 1245226704106409984
2020-08-06 12:21:10,841 INFO archived 1245226717125521408
2020-08-06 12:21:10,844 INFO archived 1245226722737426432
2020-08-06 12:21:10,845 INFO archived 1245228060393144320
2020-08-06 12:21:10,847 INFO archived 1245228540003418114
2020-08-06 12:21:10,848 INFO archived 1245229134768373767
2020-08-06 12:21:10,849 INFO archived 1245229493930860544
2020-08-06 12:21:10,851 INFO archived 1245231289197891584
2020-08-06 12:21:10,852 INFO archived 1245231531389521921
2020-08-06 12:21:10,854 INFO archived 1245232678527479808
2020-08-06 12:21:10,855 INFO archived 1245233510929104897
2020-08-06 12:21:10,857 INFO archived 1245234185410957320
2020-08-06 12:21:10,858 INFO archived 1245234958383419392
2020-08-06 12:21:10,860 INFO archived 1245235669389185024
2020-08-06 12:21:10,861 INFO archived 1245236636008558592
2020-08-06 12:21:10,862 INFO archived 1245236933711867905
2020-08-06 12:21:10,864 INFO archived 1245238661991538689
2020-08-06 12:21:10,865 INFO archived 1245239230164434944
2020-08-06 12:21:10,867 INFO archived 1245239495320109056
2020-08-06 12:21:10,868 INFO archived 1245239870949376000
2020-08-06 12:21:10,870 INFO archived 1245240418805088256
2020-08-06 12:21:10,871 INFO archived 1245241860391665664
2020-08-06 12:21:10,872 INFO archived 1245242537822097411
2020-08-06 12:21:10,874 INFO archived 1245242966538682369
2020-08-06 12:21:10,876 INFO archived 1245244882429652993
2020-08-06 12:21:10,877 INFO archived 1245245290195681282
2020-08-06 12:21:10,879 INFO archived 1245247041489362945
2020-08-06 12:21:10,880 INFO archived 1245247990874476544
2020-08-06 12:21:10,881 INFO archived 1245248640421179393
2020-08-06 12:21:10,883 INFO archived 1245249130470883329
2020-08-06 12:21:10,884 INFO archived 1245249648538914816
2020-08-06 12:21:10,886 INFO archived 1245251010710421504
2020-08-06 12:21:10,887 INFO archived 1245251133683138560
2020-08-06 12:21:10,889 INFO archived 1245251543940706304
2020-08-06 12:21:10,890 INFO archived 1245251550035038208
2020-08-06 12:21:10,892 INFO archived 1245252313742262274
2020-08-06 12:21:10,894 INFO archived 1245252670044213249
2020-08-06 12:21:10,895 INFO archived 1245253257578020867
2020-08-06 12:21:10,896 INFO archived 1245253705185796098
2020-08-06 12:21:10,898 INFO archived 1245253896039170049
2020-08-06 12:21:10,899 INFO archived 1245254174440402944
2020-08-06 12:21:10,900 INFO archived 1245254789912461312
2020-08-06 12:21:10,902 INFO archived 1245255125326868480
2020-08-06 12:21:10,904 INFO archived 1245257346386886656
2020-08-06 12:21:10,905 INFO archived 1245257489244999681
2020-08-06 12:21:10,907 INFO archived 1245257843449659393
2020-08-06 12:21:10,909 INFO archived 1245259074104692737
2020-08-06 12:21:10,910 INFO archived 1245260431234666497
2020-08-06 12:21:10,912 INFO archived 1245260671924744193
2020-08-06 12:21:10,913 INFO archived 1245261426744340481
2020-08-06 12:21:10,914 INFO archived 1245262956109148160
2020-08-06 12:21:10,916 INFO archived 1245265687393849345
2020-08-06 12:21:10,917 INFO archived 1245266081620602881
2020-08-06 12:21:10,919 INFO archived 1245267762064379907
2020-08-06 12:21:10,920 INFO archived 1245268574589136899
2020-08-06 12:21:10,922 INFO archived 1245270717421064193
2020-08-06 12:21:10,923 INFO archived 1245270914565980160
2020-08-06 12:21:10,924 INFO archived 1245271348399820800
2020-08-06 12:21:10,926 INFO archived 1245271705804771328
2020-08-06 12:21:10,927 INFO archived 1245272012232237059
2020-08-06 12:21:10,928 INFO archived 1245272441687027712
2020-08-06 12:21:10,930 INFO archived 1245274163159478272
2020-08-06 12:21:10,931 INFO archived 1245274820037816325
2020-08-06 12:21:10,932 INFO archived 1245275001563099136
2020-08-06 12:21:10,934 INFO archived 1245275030956544002
2020-08-06 12:21:10,935 INFO archived 1245276948382855168
2020-08-06 12:21:10,936 INFO archived 1245278147903393793
2020-08-06 12:21:10,938 INFO archived 1245278373850603520
2020-08-06 12:21:10,940 INFO archived 1245279504274202624
2020-08-06 12:21:10,941 INFO archived 1245280333873811457
2020-08-06 12:21:10,942 INFO archived 1245281379258109953
2020-08-06 12:21:10,944 INFO archived 1245281729578807296
2020-08-06 12:21:10,945 INFO archived 1245282680104722439
2020-08-06 12:21:10,946 INFO archived 1245282999052222464
2020-08-06 12:21:10,948 INFO archived 1245284104788013058
2020-08-06 12:21:10,949 INFO archived 1245287995890118662
2020-08-06 12:21:10,951 INFO archived 1245288830283837441
2020-08-06 12:21:10,952 INFO archived 1245289072987443201
2020-08-06 12:21:10,953 INFO archived 1245289272342712321
2020-08-06 12:21:10,954 INFO archived 1245290120632242176
2020-08-06 12:21:10,956 INFO archived 1245290191968854017
2020-08-06 12:21:10,957 INFO archived 1245290940148875265
2020-08-06 12:21:10,958 INFO archived 1245292933559078912
2020-08-06 12:21:10,960 INFO archived 1245293135493808128
2020-08-06 12:21:10,961 INFO archived 1245293418886115328
2020-08-06 12:21:10,962 INFO archived 1245295350333702144
2020-08-06 12:21:10,963 INFO hydrating 100 ids
2020-08-06 12:21:10,963 INFO posting ('https://api.twitter.com/1.1/statuses/lookup.json',) {'data': {'id': '1245295743398805505,0,1245297344477888513,0.1340909090909091,1245297510685556737,0,1245298630963204096,0,1245299939019636736,0,1245300637019131909,0.4681818181818182,1245300770754478081,0,1245303454123376643,0,1245304537381912577,0,1245304684237090817,-0.3,1245306778000261121,0.4166666666666667,1245308126254989314,0,1245309568265203712,0.13333333333333333,1245310296765448194,0.5,1245310297943965703,-0.125,1245312581872599040,-0.6,1245312720544526337,0.2,1245313319893950464,0.13636363636363635,1245314610934231040,0,1245314765192171521,0,1245316744006324226,0,1245317162945990658,0,1245317844952322053,0.375,1245318447443202059,0.25,1245319775737262081,0.1,1245320248854827013,0.27640692640692643,1245321395569123330,0,1245321783764496385,0.14666666666666667,1245321912701661184,0.5,1245323589311696898,0.25,1245324518010368001,0.6,1245325683221463043,0,1245326043784904710,0.03333333333333333,1245326130464395264,0,1245327255104106497,0.56875,1245328692131348480,0.13636363636363635,1245329962812440582,0.675,1245330167616147457,-0.75,1245330235228393478,0.24375000000000002,1245330572723060737,0.5,1245331734406692865,0.3125,1245332359869800451,0,1245333724662607873,0,1245334040091095041,0.13333333333333333,1245335152546533376,-0.15555555555555559,1245335338442162176,-0.4,1245335548715323395,0.24051339285714285,1245335920682905600,0,1245335928748625921,-0.4166666666666667,1245336719181963264,0.425,1245337006428864512,0,1245339559329705986,0,1245339650522263554,0,1245339859104849920,0.1300000000000001,1245341585421860868,-0.07777777777777779,1245342444222365696,-0.3,1245343245023969280,0.15625,1245343975558520832,0.32857142857142857,1245344375162515458,-0.1138888888888889,1245344489381793795,0.4,1245344568834428930,0.75,1245345043344474112,0,1245345306314760192,0,1245345352317796355,0.21875,1245346322946949120,0,1245348082507792385,0.9375,1245351176012476421,0.2,1245351655329148930,0.6,1245351799751655424,-0.3277777777777778,1245352044677992451,0,1245352492143173632,0,1245352634355200001,0.07878787878787885,1245352717570228224,0.3333333333333333,1245353842708905985,0,1245354805423476738,0.13636363636363635,1245354889104044034,0.2354166666666667,1245355093190250496,0.11428571428571431,1245355757270269955,0.36045454545454547,1245356166139596800,0.13636363636363635,1245356424487632896,0.4,1245356471212179456,-0.3,1245356848032735232,-0.3333333333333333,1245357054249840640,-0.1875,1245357088349532163,0.2130681818181818,1245357371016097792,0,1245357585978593281,0.1088888888888889,1245357857060442112,0.15,1245359177532420096,-0.125,1245359250160922625,-0.1,1245359419279290368,0.8627604166666667,1245359863754096640,0,1245359943559020545,0.4,1245360292919480320,0.07727272727272727,1245363314613510145,0.4,1245363880303476738,0.03333333333333333,1245364086814228482,0.3,1245364777528025089,0,1245364940694867968,0.4,1245365301891530752,-0.02666666666666666,1245365364159942657,0.5875', 'include_ext_alt_text': 'true', 'include_entities': 'true', 'trim_user': False, 'tweet_mode': 'extended'}}
2020-08-06 12:21:11,272 INFO archived 1245295743398805505
2020-08-06 12:21:11,274 INFO archived 1245297344477888513
2020-08-06 12:21:11,276 INFO archived 1245297510685556737
2020-08-06 12:21:11,279 INFO archived 1245298630963204096
2020-08-06 12:21:11,281 INFO archived 1245299939019636736
2020-08-06 12:21:11,282 INFO archived 1245300637019131909
2020-08-06 12:21:11,284 INFO archived 1245300770754478081
2020-08-06 12:21:11,286 INFO archived 1245303454123376643
2020-08-06 12:21:11,287 INFO archived 1245304537381912577
2020-08-06 12:21:11,289 INFO archived 1245304684237090817
2020-08-06 12:21:11,290 INFO archived 1245306778000261121
2020-08-06 12:21:11,292 INFO archived 1245308126254989314
2020-08-06 12:21:11,294 INFO archived 1245309568265203712
2020-08-06 12:21:11,296 INFO archived 1245310296765448194
2020-08-06 12:21:11,297 INFO archived 1245310297943965703
2020-08-06 12:21:11,299 INFO archived 1245312581872599040
2020-08-06 12:21:11,301 INFO archived 1245312720544526337
2020-08-06 12:21:11,302 INFO archived 1245313319893950464
2020-08-06 12:21:11,303 INFO archived 1245314610934231040
2020-08-06 12:21:11,304 INFO archived 1245314765192171521
2020-08-06 12:21:11,307 INFO archived 1245316744006324226
2020-08-06 12:21:11,311 INFO archived 1245317162945990658
2020-08-06 12:21:11,313 INFO archived 1245317844952322053
2020-08-06 12:21:11,314 INFO archived 1245318447443202059
2020-08-06 12:21:11,316 INFO archived 1245319775737262081
2020-08-06 12:21:11,317 INFO archived 1245320248854827013
2020-08-06 12:21:11,319 INFO archived 1245321395569123330
2020-08-06 12:21:11,321 INFO archived 1245321783764496385
2020-08-06 12:21:11,322 INFO archived 1245321912701661184
2020-08-06 12:21:11,324 INFO archived 1245323589311696898
2020-08-06 12:21:11,326 INFO archived 1245324518010368001
2020-08-06 12:21:11,327 INFO archived 1245325683221463043
2020-08-06 12:21:11,329 INFO archived 1245326043784904710
2020-08-06 12:21:11,330 INFO archived 1245326130464395264
2020-08-06 12:21:11,331 INFO archived 1245327255104106497
2020-08-06 12:21:11,333 INFO archived 1245328692131348480
2020-08-06 12:21:11,335 INFO archived 1245329962812440582
2020-08-06 12:21:11,336 INFO archived 1245330167616147457
2020-08-06 12:21:11,338 INFO archived 1245330235228393478
2020-08-06 12:21:11,341 INFO archived 1245330572723060737
2020-08-06 12:21:11,342 INFO archived 1245331734406692865
2020-08-06 12:21:11,344 INFO archived 1245332359869800451
2020-08-06 12:21:11,346 INFO archived 1245334040091095041
2020-08-06 12:21:11,347 INFO archived 1245335152546533376
2020-08-06 12:21:11,349 INFO archived 1245335338442162176
2020-08-06 12:21:11,350 INFO archived 1245335548715323395
2020-08-06 12:21:11,352 INFO archived 1245335920682905600
2020-08-06 12:21:11,353 INFO archived 1245335928748625921
2020-08-06 12:21:11,354 INFO archived 1245336719181963264
2020-08-06 12:21:11,356 INFO archived 1245337006428864512
2020-08-06 12:21:11,357 INFO archived 1245339559329705986
2020-08-06 12:21:11,358 INFO archived 1245339650522263554
2020-08-06 12:21:11,360 INFO archived 1245339859104849920
2020-08-06 12:21:11,361 INFO archived 1245341585421860868
2020-08-06 12:21:11,362 INFO archived 1245342444222365696
2020-08-06 12:21:11,363 INFO archived 1245343245023969280
2020-08-06 12:21:11,364 INFO archived 1245343975558520832
2020-08-06 12:21:11,366 INFO archived 1245344375162515458
2020-08-06 12:21:11,367 INFO archived 1245344489381793795
2020-08-06 12:21:11,368 INFO archived 1245344568834428930
2020-08-06 12:21:11,370 INFO archived 1245345043344474112
2020-08-06 12:21:11,372 INFO archived 1245345306314760192
2020-08-06 12:21:11,373 INFO archived 1245345352317796355
2020-08-06 12:21:11,375 INFO archived 1245346322946949120
2020-08-06 12:21:11,376 INFO archived 1245348082507792385
2020-08-06 12:21:11,378 INFO archived 1245351176012476421
2020-08-06 12:21:11,380 INFO archived 1245351655329148930
2020-08-06 12:21:11,381 INFO archived 1245351799751655424
2020-08-06 12:21:11,383 INFO archived 1245352044677992451
2020-08-06 12:21:11,384 INFO archived 1245352492143173632
2020-08-06 12:21:11,386 INFO archived 1245352634355200001
2020-08-06 12:21:11,387 INFO archived 1245352717570228224
2020-08-06 12:21:11,388 INFO archived 1245353842708905985
2020-08-06 12:21:11,389 INFO archived 1245354805423476738
2020-08-06 12:21:11,391 INFO archived 1245354889104044034
2020-08-06 12:21:11,392 INFO archived 1245355093190250496
2020-08-06 12:21:11,393 INFO archived 1245355757270269955
2020-08-06 12:21:11,394 INFO archived 1245356166139596800
2020-08-06 12:21:11,395 INFO archived 1245356424487632896
2020-08-06 12:21:11,397 INFO archived 1245356471212179456
2020-08-06 12:21:11,398 INFO archived 1245356848032735232
2020-08-06 12:21:11,399 INFO archived 1245357054249840640
2020-08-06 12:21:11,401 INFO archived 1245357088349532163
2020-08-06 12:21:11,404 INFO archived 1245357371016097792
2020-08-06 12:21:11,405 INFO archived 1245357585978593281
2020-08-06 12:21:11,406 INFO archived 1245357857060442112
2020-08-06 12:21:11,408 INFO archived 1245359177532420096
2020-08-06 12:21:11,409 INFO archived 1245359250160922625
2020-08-06 12:21:11,410 INFO archived 1245359419279290368
2020-08-06 12:21:11,412 INFO archived 1245359863754096640
2020-08-06 12:21:11,413 INFO archived 1245359943559020545
2020-08-06 12:21:11,414 INFO archived 1245360292919480320
2020-08-06 12:21:11,415 INFO archived 1245363314613510145
2020-08-06 12:21:11,417 INFO archived 1245363880303476738
2020-08-06 12:21:11,418 INFO archived 1245364086814228482
2020-08-06 12:21:11,420 INFO archived 1245364777528025089
2020-08-06 12:21:11,421 INFO archived 1245364940694867968
2020-08-06 12:21:11,423 INFO archived 1245365301891530752
2020-08-06 12:21:11,424 INFO archived 1245365364159942657
2020-08-06 12:21:11,424 INFO hydrating 100 ids
2020-08-06 12:21:11,424 INFO posting ('https://api.twitter.com/1.1/statuses/lookup.json',) {'data': {'id': '1245365955716214784,0,1245366070753411072,0.5,1245366207739502593,0,1245366229809971200,-0.3125,1245366450442981378,0.2,1245366973120294917,0,1245367193816256515,-0.21875,1245368301225721857,0.2027777777777778,1245368482142785541,0,1245368516678692864,0,1245368930572460039,0.35,1245369017784832001,0,1245369031294517248,0.4666666666666666,1245369043739009024,0,1245369117835767809,-0.75,1245370818319745026,0,1245370882924699648,0.04545454545454545,1245371031688101893,0,1245371107009495040,0.1666666666666667,1245371115461062656,0,1245371417237037058,0.26666666666666666,1245371727925800965,0.3125,1245373547964489728,0,1245374272694112256,0.28194444444444444,1245374273566408707,0.11666666666666667,1245374816124833792,0,1245374968503980032,0.13636363636363635,1245374991610175493,0,1245375273723252736,0,1245376047757041664,-0.28483072916666674,1245376107672674305,0,1245376697949515779,0,1245376753889161222,0,1245376755248087042,0.09090909090909091,1245377872895844354,0,1245377899986849792,0.25,1245378434605305856,0.3,1245378477097959425,0.640625,1245378708384473088,-0.26986531986531986,1245379072303214592,0.2333333333333333,1245380002486648840,0,1245380867884810240,0.3125,1245380876143398912,0,1245381079957147657,-0.6,1245381998308470786,0,1245382165145235456,0,1245382300612923394,-0.1875,1245382737315401729,0.2084490740740741,1245382838272303104,0,1245383004169609216,0,1245383250807316480,0.64,1245383291869581312,0.3571428571428571,1245384037121904640,0.2,1245384277455523845,-0.14583333333333334,1245385094816239616,0,1245385098129813505,0,1245385108590387200,0,1245385359871094784,0,1245386117744152576,0.25,1245386553926402048,0.2840909090909091,1245387045972905984,0.3090909090909091,1245387046069440514,0,1245387227129163786,0.35,1245387383668764672,0,1245387397283659780,0.3090909090909091,1245387412446068736,0,1245387549859774465,0.35,1245387759147028480,0.6,1245389175446216704,0,1245389421463113729,0,1245389655694024705,0,1245390011442307072,0.013636363636363627,1245390125372182531,0.17857142857142858,1245390649958023168,0.6,1245391293712224257,0.3,1245391462977744902,0,1245392290727768066,0.13013468013468016,1245392654986350596,0,1245392837656678400,0.5,1245393254746644480,0,1245393763712655360,-0.5,1245393896756125696,0.25,1245394098128748544,0,1245394379667365888,0.13636363636363635,1245394653970661377,0.46630901650432904,1245394777534861315,0,1245394882337714177,0.07727272727272727,1245395364846411776,0.4893939393939393,1245395950698463235,0.25,1245396612064710660,0.3666666666666667,1245396735553388550,0,1245396953979965441,0.1875,1245397609868599298,0,1245397710317879297,-0.15625,1245397860188934146,-0.17708333333333334,1245398061217648642,0.3,1245398887210397696,-1,1245399002486575106,0.7,1245399044823953408,0.7,1245399660732153857,0.13636363636363635', 'include_ext_alt_text': 'true', 'include_entities': 'true', 'trim_user': False, 'tweet_mode': 'extended'}}
2020-08-06 12:21:11,886 INFO archived 1245365955716214784
2020-08-06 12:21:11,889 INFO archived 1245366070753411072
2020-08-06 12:21:11,890 INFO archived 1245366207739502593
2020-08-06 12:21:11,891 INFO archived 1245366229809971200
2020-08-06 12:21:11,893 INFO archived 1245366450442981378
2020-08-06 12:21:11,895 INFO archived 1245366973120294917
2020-08-06 12:21:11,896 INFO archived 1245367193816256515
2020-08-06 12:21:11,898 INFO archived 1245368301225721857
2020-08-06 12:21:11,899 INFO archived 1245368482142785541
2020-08-06 12:21:11,901 INFO archived 1245368516678692864
2020-08-06 12:21:11,902 INFO archived 1245368930572460039
2020-08-06 12:21:11,904 INFO archived 1245369017784832001
2020-08-06 12:21:11,904 INFO archived 1245369031294517248
2020-08-06 12:21:11,906 INFO archived 1245369043739009024
2020-08-06 12:21:11,907 INFO archived 1245369117835767809
2020-08-06 12:21:11,909 INFO archived 1245370818319745026
2020-08-06 12:21:11,909 INFO archived 1245370882924699648
2020-08-06 12:21:11,911 INFO archived 1245371031688101893
2020-08-06 12:21:11,912 INFO archived 1245371107009495040
2020-08-06 12:21:11,915 INFO archived 1245371115461062656
2020-08-06 12:21:11,917 INFO archived 1245371417237037058
2020-08-06 12:21:11,918 INFO archived 1245371727925800965
2020-08-06 12:21:11,920 INFO archived 1245373547964489728
2020-08-06 12:21:11,922 INFO archived 1245374272694112256
2020-08-06 12:21:11,924 INFO archived 1245374273566408707
2020-08-06 12:21:11,925 INFO archived 1245374816124833792
2020-08-06 12:21:11,927 INFO archived 1245374968503980032
2020-08-06 12:21:11,928 INFO archived 1245374991610175493
2020-08-06 12:21:11,930 INFO archived 1245375273723252736
2020-08-06 12:21:11,931 INFO archived 1245376047757041664
2020-08-06 12:21:11,932 INFO archived 1245376107672674305
2020-08-06 12:21:11,934 INFO archived 1245376697949515779
2020-08-06 12:21:11,935 INFO archived 1245376753889161222
2020-08-06 12:21:11,936 INFO archived 1245376755248087042
2020-08-06 12:21:11,938 INFO archived 1245377872895844354
2020-08-06 12:21:11,940 INFO archived 1245377899986849792
2020-08-06 12:21:11,941 INFO archived 1245378434605305856
2020-08-06 12:21:11,942 INFO archived 1245378477097959425
2020-08-06 12:21:11,944 INFO archived 1245378708384473088
2020-08-06 12:21:11,945 INFO archived 1245379072303214592
2020-08-06 12:21:11,947 INFO archived 1245380002486648840
2020-08-06 12:21:11,948 INFO archived 1245380867884810240
2020-08-06 12:21:11,950 INFO archived 1245380876143398912
2020-08-06 12:21:11,951 INFO archived 1245381079957147657
2020-08-06 12:21:11,952 INFO archived 1245381998308470786
2020-08-06 12:21:11,953 INFO archived 1245382165145235456
2020-08-06 12:21:11,955 INFO archived 1245382300612923394
2020-08-06 12:21:11,956 INFO archived 1245382737315401729
2020-08-06 12:21:11,957 INFO archived 1245382838272303104
2020-08-06 12:21:11,959 INFO archived 1245383004169609216
2020-08-06 12:21:11,960 INFO archived 1245383291869581312
2020-08-06 12:21:11,962 INFO archived 1245384037121904640
2020-08-06 12:21:11,963 INFO archived 1245384277455523845
2020-08-06 12:21:11,965 INFO archived 1245385094816239616
2020-08-06 12:21:11,966 INFO archived 1245385098129813505
2020-08-06 12:21:11,967 INFO archived 1245385108590387200
2020-08-06 12:21:11,969 INFO archived 1245385359871094784
2020-08-06 12:21:11,970 INFO archived 1245386117744152576
2020-08-06 12:21:11,971 INFO archived 1245386553926402048
2020-08-06 12:21:11,973 INFO archived 1245387045972905984
2020-08-06 12:21:11,974 INFO archived 1245387046069440514
2020-08-06 12:21:11,975 INFO archived 1245387227129163786
2020-08-06 12:21:11,977 INFO archived 1245387383668764672
2020-08-06 12:21:11,980 INFO archived 1245387397283659780
2020-08-06 12:21:11,981 INFO archived 1245387412446068736
2020-08-06 12:21:11,983 INFO archived 1245387549859774465
2020-08-06 12:21:11,984 INFO archived 1245387759147028480
2020-08-06 12:21:11,986 INFO archived 1245389175446216704
2020-08-06 12:21:11,987 INFO archived 1245389421463113729
2020-08-06 12:21:11,989 INFO archived 1245389655694024705
2020-08-06 12:21:11,991 INFO archived 1245390011442307072
2020-08-06 12:21:11,993 INFO archived 1245390125372182531
2020-08-06 12:21:11,995 INFO archived 1245390649958023168
2020-08-06 12:21:11,996 INFO archived 1245391293712224257
2020-08-06 12:21:11,997 INFO archived 1245391462977744902
2020-08-06 12:21:11,998 INFO archived 1245392290727768066
2020-08-06 12:21:12,000 INFO archived 1245392654986350596
2020-08-06 12:21:12,001 INFO archived 1245392837656678400
2020-08-06 12:21:12,002 INFO archived 1245393254746644480
2020-08-06 12:21:12,004 INFO archived 1245393763712655360
2020-08-06 12:21:12,005 INFO archived 1245393896756125696
2020-08-06 12:21:12,007 INFO archived 1245394098128748544
2020-08-06 12:21:12,008 INFO archived 1245394379667365888
2020-08-06 12:21:12,009 INFO archived 1245394653970661377
2020-08-06 12:21:12,012 INFO archived 1245394777534861315
2020-08-06 12:21:12,013 INFO archived 1245394882337714177
2020-08-06 12:21:12,015 INFO archived 1245395364846411776
2020-08-06 12:21:12,018 INFO archived 1245395950698463235
2020-08-06 12:21:12,020 INFO archived 1245396612064710660
2020-08-06 12:21:12,021 INFO archived 1245396735553388550
2020-08-06 12:21:12,024 INFO archived 1245396953979965441
2020-08-06 12:21:12,025 INFO archived 1245397609868599298
2020-08-06 12:21:12,026 INFO archived 1245397710317879297
2020-08-06 12:21:12,028 INFO archived 1245397860188934146
2020-08-06 12:21:12,029 INFO archived 1245398061217648642
2020-08-06 12:21:12,030 INFO archived 1245398887210397696
2020-08-06 12:21:12,031 INFO archived 1245399002486575106
2020-08-06 12:21:12,033 INFO archived 1245399044823953408
2020-08-06 12:21:12,034 INFO archived 1245399660732153857
2020-08-06 12:21:12,034 INFO hydrating 100 ids
2020-08-06 12:21:12,034 INFO posting ('https://api.twitter.com/1.1/statuses/lookup.json',) {'data': {'id': '1245399795826593793,0.21666666666666667,1245399966639706113,0,1245399977238482947,-0.8,1245400122600706052,0,1245400122676183043,0,1245400593621045251,0,1245401975371567105,0,1245403120177381377,0,1245404177695756290,0.2111111111111111,1245404400736022530,0.9375,1245404719301955588,0.5,1245405463790776320,0,1245405879266086913,1,1245406708597325825,0,1245406886935105537,0.18333333333333335,1245406906216329216,0,1245409553954623490,0.11666666666666665,1245409662838738944,0.009263392857142852,1245409697047379969,0.15625,1245410565012553728,0,1245411151854346247,0,1245411197786226688,0,1245411304300515334,0,1245411867318779904,0,1245411894216798211,0.4,1245413184221204482,0.2013494318181818,1245413255281086468,0,1245413999648354307,-0.1,1245414053264199691,0,1245414078983569408,-0.1,1245415620763664386,0,1245415851798519814,0,1245416488565198848,0.32666666666666666,1245416913649401862,0.4681818181818182,1245417842746568706,0.625,1245417920106237955,0.5,1245418668256886785,0.78125,1245418738599460864,0,1245419149892845568,0,1245419261226557440,0.17714285714285713,1245419799351451648,0.13333333333333333,1245420144475529217,0.10744047619047618,1245423190165336064,0.11666666666666667,1245423409498066944,0,1245423637928312835,-0.16666666666666666,1245423704454172673,0,1245423779670560774,0,1245424273105321984,0,1245424889080745985,0.790625,1245425901422206983,0.09375,1245426463165288455,0,1245427359047512065,0.175,1245427498156003333,0.01761363636363636,1245427874192076808,0,1245428407439147008,0,1245428465752555522,0.13636363636363635,1245428901620461574,0,1245429560289759234,-0.4,1245430420939984896,0.16666666666666666,1245430454943186950,0.0875,1245430572522012672,0.25284090909090906,1245431688685072386,0.16477272727272727,1245431803730694149,0.13636363636363635,1245432064050106368,0.05,1245432236922621954,-0.5,1245433190682103809,0.21481481481481482,1245433455640543233,0.2681818181818182,1245433749770317824,0,1245433905286533120,-0.625,1245434096689577986,0.16818181818181818,1245434949139927043,0,1245435485465559040,0.5,1245435756979634179,-0.6,1245435816895303686,0,1245436129614204928,0,1245436400297816065,0,1245436880365256710,-0.25,1245438359805272070,0,1245438494190850056,0,1245438544895754242,0,1245439399552339969,0,1245439481542512653,0,1245439819469160453,0,1245440207383678985,0.3,1245440763992969216,-0.5,1245441342299348993,0.1,1245442007163711488,0.4381944444444444,1245442487621206018,0.025,1245442762670891008,0.5,1245442985652781056,0.1071969696969697,1245443356169248770,0,1245443377979478017,0.30357142857142855,1245444326127214598,0.1,1245445147002880001,0.375,1245445881815543809,0.4,1245447251373232133,-0.625,1245447934583476224,-0.18333333333333335,1245447988597661696,-0.625,1245448155396784128,0.5,1245448206554669063,0', 'include_ext_alt_text': 'true', 'include_entities': 'true', 'trim_user': False, 'tweet_mode': 'extended'}}
2020-08-06 12:22:25,153 INFO loading None profile from config C:\Users\Craig\.twarc
2020-08-06 12:22:25,154 INFO creating http session
2020-08-06 12:22:25,154 INFO creating OAuth1 user authentication
2020-08-06 12:22:25,154 INFO getting ('https://api.twitter.com/1.1/account/verify_credentials.json',) {'params': {'tweet_mode': 'extended'}}
2020-08-06 12:22:25,322 INFO hydrating 100 ids
2020-08-06 12:22:25,322 INFO posting ('https://api.twitter.com/1.1/statuses/lookup.json',) {'data': {'id': '0,1,1245219128903958530,0,1245219745311404032,0.125,1245219922419929088,0.35,1245221568973848576,0,1245221760246648832,0.25,1245222299504119808,0.35,1245222478496043009,0,1245224811208552449,0.3333333333333333,1245225245478436864,0.13636363636363635,1245226125636317184,0,1245226704106409984,0.5,1245226717125521408,0.10714285714285714,1245226722737426432,0.32,1245228060393144320,0.10714285714285714,1245228540003418114,-0.07500000000000001,1245229134768373767,0,1245229493930860544,0.13636363636363635,1245231289197891584,-0.05,1245231531389521921,0,1245232678527479808,-0.06590909090909092,1245233510929104897,0,1245234185410957320,0,1245234958383419392,0.11818181818181818,1245235669389185024,0.26,1245236636008558592,0.06111111111111114,1245236933711867905,0.1,1245238661991538689,0.13636363636363635,1245239230164434944,-0.024999999999999994,1245239495320109056,0.016666666666666666,1245239870949376000,0,1245240418805088256,0.6125,1245241860391665664,0,1245242537822097411,-0.15555555555555559,1245242966538682369,0.13333333333333333,1245244882429652993,0.27499999999999997,1245245290195681282,0,1245247041489362945,0.35,1245247990874476544,0.30727272727272725,1245248640421179393,0.1375,1245249130470883329,0.14242424242424243,1245249648538914816,0.3,1245251010710421504,0,1245251133683138560,0,1245251543940706304,0.2,1245251550035038208,0.5166666666666666,1245251967904935937,0.7,1245252313742262274,0,1245252670044213249,0,1245253257578020867,0,1245253705185796098,0.2,1245253896039170049,0.09999999999999999,1245254174440402944,0.2,1245254789912461312,0,1245255125326868480,0.375,1245257346386886656,0,1245257489244999681,0.2507936507936508,1245257843449659393,0.5,1245259074104692737,0.3181818181818182,1245260431234666497,0.1,1245260671924744193,0,1245261426744340481,0.3642857142857142,1245262956109148160,0.23555194805194804,1245263893682769921,0,1245265687393849345,0.17575757575757578,1245266081620602881,-0.4,1245267762064379907,0,1245268574589136899,0,1245270717421064193,-0.1,1245270914565980160,0.14285714285714285,1245271348399820800,0,1245271705804771328,0.25,1245272012232237059,-0.05,1245272441687027712,0,1245274163159478272,0.75,1245274820037816325,0.3,1245275001563099136,0,1245275030956544002,0.6583333333333333,1245276948382855168,0,1245278147903393793,0.25,1245278373850603520,0.3181818181818182,1245279504274202624,0.10000000000000002,1245280333873811457,-0.3999999999999999,1245281379258109953,0,1245281729578807296,0,1245282680104722439,0.5,1245282999052222464,0.3571428571428571,1245284104788013058,-0.25,1245287995890118662,0.125,1245288830283837441,0,1245289072987443201,-0.6,1245289272342712321,0,1245290120632242176,0.1875,1245290191968854017,0.3666666666666667,1245290940148875265,0.3,1245292576397316099,0.2785714285714286,1245292933559078912,0.35000000000000003,1245293135493808128,0.3055555555555556,1245293418886115328,0,1245295350333702144,0.3', 'include_ext_alt_text': 'true', 'include_entities': 'true', 'trim_user': False, 'tweet_mode': 'extended'}}
2020-08-06 12:22:25,656 INFO archived 1245219128903958530
2020-08-06 12:22:25,657 INFO archived 1245219745311404032
2020-08-06 12:22:25,657 INFO archived 1245219922419929088
2020-08-06 12:22:25,658 INFO archived 1245221568973848576
2020-08-06 12:22:25,658 INFO archived 1245221760246648832
2020-08-06 12:22:25,658 INFO archived 1245222299504119808
2020-08-06 12:22:25,658 INFO archived 1245222478496043009
2020-08-06 12:22:25,658 INFO archived 1245224811208552449
2020-08-06 12:22:25,659 INFO archived 1245225245478436864
2020-08-06 12:22:25,659 INFO archived 1245226125636317184
2020-08-06 12:22:25,659 INFO archived 1245226704106409984
2020-08-06 12:22:25,659 INFO archived 1245226717125521408
2020-08-06 12:22:25,659 INFO archived 1245226722737426432
2020-08-06 12:22:25,660 INFO archived 1245228060393144320
2020-08-06 12:22:25,660 INFO archived 1245228540003418114
2020-08-06 12:22:25,660 INFO archived 1245229134768373767
2020-08-06 12:22:25,660 INFO archived 1245229493930860544
2020-08-06 12:22:25,660 INFO archived 1245231289197891584
2020-08-06 12:22:25,661 INFO archived 1245231531389521921
2020-08-06 12:22:25,661 INFO archived 1245232678527479808
2020-08-06 12:22:25,661 INFO archived 1245233510929104897
2020-08-06 12:22:25,661 INFO archived 1245234185410957320
2020-08-06 12:22:25,661 INFO archived 1245234958383419392
2020-08-06 12:22:25,661 INFO archived 1245235669389185024
2020-08-06 12:22:25,661 INFO archived 1245236636008558592
2020-08-06 12:22:25,662 INFO archived 1245236933711867905
2020-08-06 12:22:25,662 INFO archived 1245238661991538689
2020-08-06 12:22:25,662 INFO archived 1245239230164434944
2020-08-06 12:22:25,662 INFO archived 1245239495320109056
2020-08-06 12:22:25,662 INFO archived 1245239870949376000
2020-08-06 12:22:25,662 INFO archived 1245240418805088256
2020-08-06 12:22:25,663 INFO archived 1245241860391665664
2020-08-06 12:22:25,663 INFO archived 1245242537822097411
2020-08-06 12:22:25,663 INFO archived 1245242966538682369
2020-08-06 12:22:25,663 INFO archived 1245244882429652993
2020-08-06 12:22:25,663 INFO archived 1245245290195681282
2020-08-06 12:22:25,663 INFO archived 1245247041489362945
2020-08-06 12:22:25,664 INFO archived 1245247990874476544
2020-08-06 12:22:25,664 INFO archived 1245248640421179393
2020-08-06 12:22:25,664 INFO archived 1245249130470883329
2020-08-06 12:22:25,664 INFO archived 1245249648538914816
2020-08-06 12:22:25,664 INFO archived 1245251010710421504
2020-08-06 12:22:25,664 INFO archived 1245251133683138560
2020-08-06 12:22:25,664 INFO archived 1245251543940706304
2020-08-06 12:22:25,665 INFO archived 1245251550035038208
2020-08-06 12:22:25,665 INFO archived 1245252313742262274
2020-08-06 12:22:25,665 INFO archived 1245252670044213249
2020-08-06 12:22:25,665 INFO archived 1245253257578020867
2020-08-06 12:22:25,665 INFO archived 1245253705185796098
2020-08-06 12:22:25,665 INFO archived 1245253896039170049
2020-08-06 12:22:25,666 INFO archived 1245254174440402944
2020-08-06 12:22:25,666 INFO archived 1245254789912461312
2020-08-06 12:22:25,666 INFO archived 1245255125326868480
2020-08-06 12:22:25,666 INFO archived 1245257346386886656
2020-08-06 12:22:25,666 INFO archived 1245257489244999681
2020-08-06 12:22:25,666 INFO archived 1245257843449659393
2020-08-06 12:22:25,667 INFO archived 1245259074104692737
2020-08-06 12:22:25,667 INFO archived 1245260431234666497
2020-08-06 12:22:25,667 INFO archived 1245260671924744193
2020-08-06 12:22:25,667 INFO archived 1245261426744340481
2020-08-06 12:22:25,667 INFO archived 1245262956109148160
2020-08-06 12:22:25,667 INFO archived 1245265687393849345
2020-08-06 12:22:25,667 INFO archived 1245266081620602881
2020-08-06 12:22:25,668 INFO archived 1245267762064379907
2020-08-06 12:22:25,668 INFO archived 1245268574589136899
2020-08-06 12:22:25,668 INFO archived 1245270717421064193
2020-08-06 12:22:25,668 INFO archived 1245270914565980160
2020-08-06 12:22:25,668 INFO archived 1245271348399820800
2020-08-06 12:22:25,668 INFO archived 1245271705804771328
2020-08-06 12:22:25,669 INFO archived 1245272012232237059
2020-08-06 12:22:25,669 INFO archived 1245272441687027712
2020-08-06 12:22:25,669 INFO archived 1245274163159478272
2020-08-06 12:22:25,669 INFO archived 1245274820037816325
2020-08-06 12:22:25,669 INFO archived 1245275001563099136
2020-08-06 12:22:25,670 INFO archived 1245275030956544002
2020-08-06 12:22:25,670 INFO archived 1245276948382855168
2020-08-06 12:22:25,670 INFO archived 1245278147903393793
2020-08-06 12:22:25,670 INFO archived 1245278373850603520
2020-08-06 12:22:25,670 INFO archived 1245279504274202624
2020-08-06 12:22:25,670 INFO archived 1245280333873811457
2020-08-06 12:22:25,670 INFO archived 1245281379258109953
2020-08-06 12:22:25,671 INFO archived 1245281729578807296
2020-08-06 12:22:25,671 INFO archived 1245282680104722439
2020-08-06 12:22:25,671 INFO archived 1245282999052222464
2020-08-06 12:22:25,671 INFO archived 1245284104788013058
2020-08-06 12:22:25,671 INFO archived 1245287995890118662
2020-08-06 12:22:25,671 INFO archived 1245288830283837441
2020-08-06 12:22:25,672 INFO archived 1245289072987443201
2020-08-06 12:22:25,672 INFO archived 1245289272342712321
2020-08-06 12:22:25,672 INFO archived 1245290120632242176
2020-08-06 12:22:25,672 INFO archived 1245290191968854017
2020-08-06 12:22:25,672 INFO archived 1245290940148875265
2020-08-06 12:22:25,672 INFO archived 1245292933559078912
2020-08-06 12:22:25,673 INFO archived 1245293135493808128
2020-08-06 12:22:25,673 INFO archived 1245293418886115328
2020-08-06 12:22:25,673 INFO archived 1245295350333702144
2020-08-06 12:22:25,673 INFO hydrating 100 ids
2020-08-06 12:22:25,673 INFO posting ('https://api.twitter.com/1.1/statuses/lookup.json',) {'data': {'id': '1245295743398805505,0,1245297344477888513,0.1340909090909091,1245297510685556737,0,1245298630963204096,0,1245299939019636736,0,1245300637019131909,0.4681818181818182,1245300770754478081,0,1245303454123376643,0,1245304537381912577,0,1245304684237090817,-0.3,1245306778000261121,0.4166666666666667,1245308126254989314,0,1245309568265203712,0.13333333333333333,1245310296765448194,0.5,1245310297943965703,-0.125,1245312581872599040,-0.6,1245312720544526337,0.2,1245313319893950464,0.13636363636363635,1245314610934231040,0,1245314765192171521,0,1245316744006324226,0,1245317162945990658,0,1245317844952322053,0.375,1245318447443202059,0.25,1245319775737262081,0.1,1245320248854827013,0.27640692640692643,1245321395569123330,0,1245321783764496385,0.14666666666666667,1245321912701661184,0.5,1245323589311696898,0.25,1245324518010368001,0.6,1245325683221463043,0,1245326043784904710,0.03333333333333333,1245326130464395264,0,1245327255104106497,0.56875,1245328692131348480,0.13636363636363635,1245329962812440582,0.675,1245330167616147457,-0.75,1245330235228393478,0.24375000000000002,1245330572723060737,0.5,1245331734406692865,0.3125,1245332359869800451,0,1245333724662607873,0,1245334040091095041,0.13333333333333333,1245335152546533376,-0.15555555555555559,1245335338442162176,-0.4,1245335548715323395,0.24051339285714285,1245335920682905600,0,1245335928748625921,-0.4166666666666667,1245336719181963264,0.425,1245337006428864512,0,1245339559329705986,0,1245339650522263554,0,1245339859104849920,0.1300000000000001,1245341585421860868,-0.07777777777777779,1245342444222365696,-0.3,1245343245023969280,0.15625,1245343975558520832,0.32857142857142857,1245344375162515458,-0.1138888888888889,1245344489381793795,0.4,1245344568834428930,0.75,1245345043344474112,0,1245345306314760192,0,1245345352317796355,0.21875,1245346322946949120,0,1245348082507792385,0.9375,1245351176012476421,0.2,1245351655329148930,0.6,1245351799751655424,-0.3277777777777778,1245352044677992451,0,1245352492143173632,0,1245352634355200001,0.07878787878787885,1245352717570228224,0.3333333333333333,1245353842708905985,0,1245354805423476738,0.13636363636363635,1245354889104044034,0.2354166666666667,1245355093190250496,0.11428571428571431,1245355757270269955,0.36045454545454547,1245356166139596800,0.13636363636363635,1245356424487632896,0.4,1245356471212179456,-0.3,1245356848032735232,-0.3333333333333333,1245357054249840640,-0.1875,1245357088349532163,0.2130681818181818,1245357371016097792,0,1245357585978593281,0.1088888888888889,1245357857060442112,0.15,1245359177532420096,-0.125,1245359250160922625,-0.1,1245359419279290368,0.8627604166666667,1245359863754096640,0,1245359943559020545,0.4,1245360292919480320,0.07727272727272727,1245363314613510145,0.4,1245363880303476738,0.03333333333333333,1245364086814228482,0.3,1245364777528025089,0,1245364940694867968,0.4,1245365301891530752,-0.02666666666666666,1245365364159942657,0.5875', 'include_ext_alt_text': 'true', 'include_entities': 'true', 'trim_user': False, 'tweet_mode': 'extended'}}
2020-08-06 12:22:25,976 INFO archived 1245295743398805505
2020-08-06 12:22:25,976 INFO archived 1245297344477888513
2020-08-06 12:22:25,976 INFO archived 1245297510685556737
2020-08-06 12:22:25,977 INFO archived 1245298630963204096
2020-08-06 12:22:25,977 INFO archived 1245299939019636736
2020-08-06 12:22:25,977 INFO archived 1245300637019131909
2020-08-06 12:22:25,977 INFO archived 1245300770754478081
2020-08-06 12:22:25,977 INFO archived 1245303454123376643
2020-08-06 12:22:25,978 INFO archived 1245304537381912577
2020-08-06 12:22:25,978 INFO archived 1245304684237090817
2020-08-06 12:22:25,978 INFO archived 1245306778000261121
2020-08-06 12:22:25,978 INFO archived 1245308126254989314
2020-08-06 12:22:25,978 INFO archived 1245309568265203712
2020-08-06 12:22:25,978 INFO archived 1245310296765448194
2020-08-06 12:22:25,979 INFO archived 1245310297943965703
2020-08-06 12:22:25,979 INFO archived 1245312581872599040
2020-08-06 12:22:25,979 INFO archived 1245312720544526337
2020-08-06 12:22:25,979 INFO archived 1245313319893950464
2020-08-06 12:22:25,979 INFO archived 1245314610934231040
2020-08-06 12:22:25,979 INFO archived 1245314765192171521
2020-08-06 12:22:25,980 INFO archived 1245316744006324226
2020-08-06 12:22:25,980 INFO archived 1245317162945990658
2020-08-06 12:22:25,980 INFO archived 1245317844952322053
2020-08-06 12:22:25,980 INFO archived 1245318447443202059
2020-08-06 12:22:25,980 INFO archived 1245319775737262081
2020-08-06 12:22:25,980 INFO archived 1245320248854827013
2020-08-06 12:22:25,980 INFO archived 1245321395569123330
2020-08-06 12:22:25,981 INFO archived 1245321783764496385
2020-08-06 12:22:25,981 INFO archived 1245321912701661184
2020-08-06 12:22:25,981 INFO archived 1245323589311696898
2020-08-06 12:22:25,981 INFO archived 1245324518010368001
2020-08-06 12:22:25,981 INFO archived 1245325683221463043
2020-08-06 12:22:25,981 INFO archived 1245326043784904710
2020-08-06 12:22:25,981 INFO archived 1245326130464395264
2020-08-06 12:22:25,982 INFO archived 1245327255104106497
2020-08-06 12:22:25,982 INFO archived 1245328692131348480
2020-08-06 12:22:25,982 INFO archived 1245329962812440582
2020-08-06 12:22:25,982 INFO archived 1245330167616147457
2020-08-06 12:22:25,982 INFO archived 1245330235228393478
2020-08-06 12:22:25,982 INFO archived 1245330572723060737
2020-08-06 12:22:25,982 INFO archived 1245331734406692865
2020-08-06 12:22:25,983 INFO archived 1245332359869800451
2020-08-06 12:22:25,983 INFO archived 1245334040091095041
2020-08-06 12:22:25,983 INFO archived 1245335152546533376
2020-08-06 12:22:25,983 INFO archived 1245335338442162176
2020-08-06 12:22:25,983 INFO archived 1245335548715323395
2020-08-06 12:22:25,983 INFO archived 1245335920682905600
2020-08-06 12:22:25,984 INFO archived 1245335928748625921
2020-08-06 12:22:25,984 INFO archived 1245336719181963264
2020-08-06 12:22:25,984 INFO archived 1245337006428864512
2020-08-06 12:22:25,984 INFO archived 1245339559329705986
2020-08-06 12:22:25,984 INFO archived 1245339650522263554
2020-08-06 12:22:25,984 INFO archived 1245339859104849920
2020-08-06 12:22:25,984 INFO archived 1245341585421860868
2020-08-06 12:22:25,985 INFO archived 1245342444222365696
2020-08-06 12:22:25,985 INFO archived 1245343245023969280
2020-08-06 12:22:25,985 INFO archived 1245343975558520832
2020-08-06 12:22:25,985 INFO archived 1245344375162515458
2020-08-06 12:22:25,985 INFO archived 1245344489381793795
2020-08-06 12:22:25,985 INFO archived 1245344568834428930
2020-08-06 12:22:25,985 INFO archived 1245345043344474112
2020-08-06 12:22:25,985 INFO archived 1245345306314760192
2020-08-06 12:22:25,986 INFO archived 1245345352317796355
2020-08-06 12:22:25,986 INFO archived 1245346322946949120
2020-08-06 12:22:25,986 INFO archived 1245348082507792385
2020-08-06 12:22:25,986 INFO archived 1245351176012476421
2020-08-06 12:22:25,986 INFO archived 1245351655329148930
2020-08-06 12:22:25,986 INFO archived 1245351799751655424
2020-08-06 12:22:25,987 INFO archived 1245352044677992451
2020-08-06 12:22:25,987 INFO archived 1245352492143173632
2020-08-06 12:22:25,987 INFO archived 1245352634355200001
2020-08-06 12:22:25,987 INFO archived 1245352717570228224
2020-08-06 12:22:25,987 INFO archived 1245353842708905985
2020-08-06 12:22:25,987 INFO archived 1245354805423476738
2020-08-06 12:22:25,987 INFO archived 1245354889104044034
2020-08-06 12:22:25,988 INFO archived 1245355093190250496
2020-08-06 12:22:25,988 INFO archived 1245355757270269955
2020-08-06 12:22:25,988 INFO archived 1245356166139596800
2020-08-06 12:22:25,988 INFO archived 1245356424487632896
2020-08-06 12:22:25,988 INFO archived 1245356471212179456
2020-08-06 12:22:25,988 INFO archived 1245356848032735232
2020-08-06 12:22:25,988 INFO archived 1245357054249840640
2020-08-06 12:22:25,989 INFO archived 1245357088349532163
2020-08-06 12:22:25,989 INFO archived 1245357371016097792
2020-08-06 12:22:25,989 INFO archived 1245357585978593281
2020-08-06 12:22:25,989 INFO archived 1245357857060442112
2020-08-06 12:22:25,989 INFO archived 1245359177532420096
2020-08-06 12:22:25,990 INFO archived 1245359250160922625
2020-08-06 12:22:25,990 INFO archived 1245359419279290368
2020-08-06 12:22:25,990 INFO archived 1245359863754096640
2020-08-06 12:22:25,990 INFO archived 1245359943559020545
2020-08-06 12:22:25,990 INFO archived 1245360292919480320
2020-08-06 12:22:25,990 INFO archived 1245363314613510145
2020-08-06 12:22:25,991 INFO archived 1245363880303476738
2020-08-06 12:22:25,991 INFO archived 1245364086814228482
2020-08-06 12:22:25,991 INFO archived 1245364777528025089
2020-08-06 12:22:25,991 INFO archived 1245364940694867968
2020-08-06 12:22:25,991 INFO archived 1245365301891530752
2020-08-06 12:22:25,992 INFO archived 1245365364159942657
2020-08-06 12:22:25,992 INFO hydrating 100 ids
2020-08-06 12:22:25,992 INFO posting ('https://api.twitter.com/1.1/statuses/lookup.json',) {'data': {'id': '1245365955716214784,0,1245366070753411072,0.5,1245366207739502593,0,1245366229809971200,-0.3125,1245366450442981378,0.2,1245366973120294917,0,1245367193816256515,-0.21875,1245368301225721857,0.2027777777777778,1245368482142785541,0,1245368516678692864,0,1245368930572460039,0.35,1245369017784832001,0,1245369031294517248,0.4666666666666666,1245369043739009024,0,1245369117835767809,-0.75,1245370818319745026,0,1245370882924699648,0.04545454545454545,1245371031688101893,0,1245371107009495040,0.1666666666666667,1245371115461062656,0,1245371417237037058,0.26666666666666666,1245371727925800965,0.3125,1245373547964489728,0,1245374272694112256,0.28194444444444444,1245374273566408707,0.11666666666666667,1245374816124833792,0,1245374968503980032,0.13636363636363635,1245374991610175493,0,1245375273723252736,0,1245376047757041664,-0.28483072916666674,1245376107672674305,0,1245376697949515779,0,1245376753889161222,0,1245376755248087042,0.09090909090909091,1245377872895844354,0,1245377899986849792,0.25,1245378434605305856,0.3,1245378477097959425,0.640625,1245378708384473088,-0.26986531986531986,1245379072303214592,0.2333333333333333,1245380002486648840,0,1245380867884810240,0.3125,1245380876143398912,0,1245381079957147657,-0.6,1245381998308470786,0,1245382165145235456,0,1245382300612923394,-0.1875,1245382737315401729,0.2084490740740741,1245382838272303104,0,1245383004169609216,0,1245383250807316480,0.64,1245383291869581312,0.3571428571428571,1245384037121904640,0.2,1245384277455523845,-0.14583333333333334,1245385094816239616,0,1245385098129813505,0,1245385108590387200,0,1245385359871094784,0,1245386117744152576,0.25,1245386553926402048,0.2840909090909091,1245387045972905984,0.3090909090909091,1245387046069440514,0,1245387227129163786,0.35,1245387383668764672,0,1245387397283659780,0.3090909090909091,1245387412446068736,0,1245387549859774465,0.35,1245387759147028480,0.6,1245389175446216704,0,1245389421463113729,0,1245389655694024705,0,1245390011442307072,0.013636363636363627,1245390125372182531,0.17857142857142858,1245390649958023168,0.6,1245391293712224257,0.3,1245391462977744902,0,1245392290727768066,0.13013468013468016,1245392654986350596,0,1245392837656678400,0.5,1245393254746644480,0,1245393763712655360,-0.5,1245393896756125696,0.25,1245394098128748544,0,1245394379667365888,0.13636363636363635,1245394653970661377,0.46630901650432904,1245394777534861315,0,1245394882337714177,0.07727272727272727,1245395364846411776,0.4893939393939393,1245395950698463235,0.25,1245396612064710660,0.3666666666666667,1245396735553388550,0,1245396953979965441,0.1875,1245397609868599298,0,1245397710317879297,-0.15625,1245397860188934146,-0.17708333333333334,1245398061217648642,0.3,1245398887210397696,-1,1245399002486575106,0.7,1245399044823953408,0.7,1245399660732153857,0.13636363636363635', 'include_ext_alt_text': 'true', 'include_entities': 'true', 'trim_user': False, 'tweet_mode': 'extended'}}
2020-08-06 12:22:26,312 INFO archived 1245365955716214784
2020-08-06 12:22:26,312 INFO archived 1245366070753411072
2020-08-06 12:22:26,312 INFO archived 1245366207739502593
2020-08-06 12:22:26,312 INFO archived 1245366229809971200
2020-08-06 12:22:26,312 INFO archived 1245366450442981378
2020-08-06 12:22:26,312 INFO archived 1245366973120294917
2020-08-06 12:22:26,313 INFO archived 1245367193816256515
2020-08-06 12:22:26,313 INFO archived 1245368301225721857
2020-08-06 12:22:26,313 INFO archived 1245368482142785541
2020-08-06 12:22:26,313 INFO archived 1245368516678692864
2020-08-06 12:22:26,313 INFO archived 1245368930572460039
2020-08-06 12:22:26,313 INFO archived 1245369017784832001
2020-08-06 12:22:26,313 INFO archived 1245369031294517248
2020-08-06 12:22:26,314 INFO archived 1245369043739009024
2020-08-06 12:22:26,314 INFO archived 1245369117835767809
2020-08-06 12:22:26,314 INFO archived 1245370818319745026
2020-08-06 12:22:26,314 INFO archived 1245370882924699648
2020-08-06 12:22:26,314 INFO archived 1245371031688101893
2020-08-06 12:22:26,315 INFO archived 1245371107009495040
2020-08-06 12:22:26,315 INFO archived 1245371115461062656
2020-08-06 12:22:26,315 INFO archived 1245371417237037058
2020-08-06 12:22:26,315 INFO archived 1245371727925800965
2020-08-06 12:22:26,315 INFO archived 1245373547964489728
2020-08-06 12:22:26,315 INFO archived 1245374272694112256
2020-08-06 12:22:26,315 INFO archived 1245374273566408707
2020-08-06 12:22:26,316 INFO archived 1245374816124833792
2020-08-06 12:22:26,316 INFO archived 1245374968503980032
2020-08-06 12:22:26,316 INFO archived 1245374991610175493
2020-08-06 12:22:26,316 INFO archived 1245375273723252736
2020-08-06 12:22:26,316 INFO archived 1245376047757041664
2020-08-06 12:22:26,316 INFO archived 1245376107672674305
2020-08-06 12:22:26,316 INFO archived 1245376697949515779
2020-08-06 12:22:26,317 INFO archived 1245376753889161222
2020-08-06 12:22:26,317 INFO archived 1245376755248087042
2020-08-06 12:22:26,317 INFO archived 1245377872895844354
2020-08-06 12:22:26,317 INFO archived 1245377899986849792
2020-08-06 12:22:26,317 INFO archived 1245378434605305856
2020-08-06 12:22:26,317 INFO archived 1245378477097959425
2020-08-06 12:22:26,317 INFO archived 1245378708384473088
2020-08-06 12:22:26,318 INFO archived 1245379072303214592
2020-08-06 12:22:26,318 INFO archived 1245380002486648840
2020-08-06 12:22:26,318 INFO archived 1245380867884810240
2020-08-06 12:22:26,318 INFO archived 1245380876143398912
2020-08-06 12:22:26,318 INFO archived 1245381079957147657
2020-08-06 12:22:26,318 INFO archived 1245381998308470786
2020-08-06 12:22:26,318 INFO archived 1245382165145235456
2020-08-06 12:22:26,319 INFO archived 1245382300612923394
2020-08-06 12:22:26,319 INFO archived 1245382737315401729
2020-08-06 12:22:26,319 INFO archived 1245382838272303104
2020-08-06 12:22:26,319 INFO archived 1245383004169609216
2020-08-06 12:22:26,319 INFO archived 1245383291869581312
2020-08-06 12:22:26,320 INFO archived 1245384037121904640
2020-08-06 12:22:26,320 INFO archived 1245384277455523845
2020-08-06 12:22:26,320 INFO archived 1245385094816239616
2020-08-06 12:22:26,320 INFO archived 1245385098129813505
2020-08-06 12:22:26,320 INFO archived 1245385108590387200
2020-08-06 12:22:26,320 INFO archived 1245385359871094784
2020-08-06 12:22:26,321 INFO archived 1245386117744152576
2020-08-06 12:22:26,321 INFO archived 1245386553926402048
2020-08-06 12:22:26,321 INFO archived 1245387045972905984
2020-08-06 12:22:26,321 INFO archived 1245387046069440514
2020-08-06 12:22:26,321 INFO archived 1245387227129163786
2020-08-06 12:22:26,321 INFO archived 1245387383668764672
2020-08-06 12:22:26,321 INFO archived 1245387397283659780
2020-08-06 12:22:26,322 INFO archived 1245387412446068736
2020-08-06 12:22:26,322 INFO archived 1245387549859774465
2020-08-06 12:22:26,322 INFO archived 1245387759147028480
2020-08-06 12:22:26,322 INFO archived 1245389175446216704
2020-08-06 12:22:26,322 INFO archived 1245389421463113729
2020-08-06 12:22:26,322 INFO archived 1245389655694024705
2020-08-06 12:22:26,322 INFO archived 1245390011442307072
2020-08-06 12:22:26,323 INFO archived 1245390125372182531
2020-08-06 12:22:26,323 INFO archived 1245390649958023168
2020-08-06 12:22:26,323 INFO archived 1245391293712224257
2020-08-06 12:22:26,323 INFO archived 1245391462977744902
2020-08-06 12:22:26,323 INFO archived 1245392290727768066
2020-08-06 12:22:26,323 INFO archived 1245392654986350596
2020-08-06 12:22:26,324 INFO archived 1245392837656678400
2020-08-06 12:22:26,324 INFO archived 1245393254746644480
2020-08-06 12:22:26,324 INFO archived 1245393763712655360
2020-08-06 12:22:26,324 INFO archived 1245393896756125696
2020-08-06 12:22:26,324 INFO archived 1245394098128748544
2020-08-06 12:22:26,324 INFO archived 1245394379667365888
2020-08-06 12:22:26,325 INFO archived 1245394653970661377
2020-08-06 12:22:26,325 INFO archived 1245394777534861315
2020-08-06 12:22:26,325 INFO archived 1245394882337714177
2020-08-06 12:22:26,325 INFO archived 1245395364846411776
2020-08-06 12:22:26,325 INFO archived 1245395950698463235
2020-08-06 12:22:26,325 INFO archived 1245396612064710660
2020-08-06 12:22:26,326 INFO archived 1245396735553388550
2020-08-06 12:22:26,326 INFO archived 1245396953979965441
2020-08-06 12:22:26,326 INFO archived 1245397609868599298
2020-08-06 12:22:26,326 INFO archived 1245397710317879297
2020-08-06 12:22:26,326 INFO archived 1245397860188934146
2020-08-06 12:22:26,327 INFO archived 1245398061217648642
2020-08-06 12:22:26,327 INFO archived 1245398887210397696
2020-08-06 12:22:26,327 INFO archived 1245399002486575106
2020-08-06 12:22:26,327 INFO archived 1245399044823953408
2020-08-06 12:22:26,327 INFO archived 1245399660732153857
2020-08-06 12:22:26,327 INFO hydrating 100 ids
2020-08-06 12:22:26,327 INFO posting ('https://api.twitter.com/1.1/statuses/lookup.json',) {'data': {'id': '1245399795826593793,0.21666666666666667,1245399966639706113,0,1245399977238482947,-0.8,1245400122600706052,0,1245400122676183043,0,1245400593621045251,0,1245401975371567105,0,1245403120177381377,0,1245404177695756290,0.2111111111111111,1245404400736022530,0.9375,1245404719301955588,0.5,1245405463790776320,0,1245405879266086913,1,1245406708597325825,0,1245406886935105537,0.18333333333333335,1245406906216329216,0,1245409553954623490,0.11666666666666665,1245409662838738944,0.009263392857142852,1245409697047379969,0.15625,1245410565012553728,0,1245411151854346247,0,1245411197786226688,0,1245411304300515334,0,1245411867318779904,0,1245411894216798211,0.4,1245413184221204482,0.2013494318181818,1245413255281086468,0,1245413999648354307,-0.1,1245414053264199691,0,1245414078983569408,-0.1,1245415620763664386,0,1245415851798519814,0,1245416488565198848,0.32666666666666666,1245416913649401862,0.4681818181818182,1245417842746568706,0.625,1245417920106237955,0.5,1245418668256886785,0.78125,1245418738599460864,0,1245419149892845568,0,1245419261226557440,0.17714285714285713,1245419799351451648,0.13333333333333333,1245420144475529217,0.10744047619047618,1245423190165336064,0.11666666666666667,1245423409498066944,0,1245423637928312835,-0.16666666666666666,1245423704454172673,0,1245423779670560774,0,1245424273105321984,0,1245424889080745985,0.790625,1245425901422206983,0.09375,1245426463165288455,0,1245427359047512065,0.175,1245427498156003333,0.01761363636363636,1245427874192076808,0,1245428407439147008,0,1245428465752555522,0.13636363636363635,1245428901620461574,0,1245429560289759234,-0.4,1245430420939984896,0.16666666666666666,1245430454943186950,0.0875,1245430572522012672,0.25284090909090906,1245431688685072386,0.16477272727272727,1245431803730694149,0.13636363636363635,1245432064050106368,0.05,1245432236922621954,-0.5,1245433190682103809,0.21481481481481482,1245433455640543233,0.2681818181818182,1245433749770317824,0,1245433905286533120,-0.625,1245434096689577986,0.16818181818181818,1245434949139927043,0,1245435485465559040,0.5,1245435756979634179,-0.6,1245435816895303686,0,1245436129614204928,0,1245436400297816065,0,1245436880365256710,-0.25,1245438359805272070,0,1245438494190850056,0,1245438544895754242,0,1245439399552339969,0,1245439481542512653,0,1245439819469160453,0,1245440207383678985,0.3,1245440763992969216,-0.5,1245441342299348993,0.1,1245442007163711488,0.4381944444444444,1245442487621206018,0.025,1245442762670891008,0.5,1245442985652781056,0.1071969696969697,1245443356169248770,0,1245443377979478017,0.30357142857142855,1245444326127214598,0.1,1245445147002880001,0.375,1245445881815543809,0.4,1245447251373232133,-0.625,1245447934583476224,-0.18333333333333335,1245447988597661696,-0.625,1245448155396784128,0.5,1245448206554669063,0', 'include_ext_alt_text': 'true', 'include_entities': 'true', 'trim_user': False, 'tweet_mode': 'extended'}}
